==============================================================================
Suites                                                                        
==============================================================================
Suites.Nopcommerce                                                            
==============================================================================
Right user empty pass                                                 | PASS |
------------------------------------------------------------------------------
Right user wrong pass                                                 | PASS |
------------------------------------------------------------------------------
Right user right pass                                                 | PASS |
------------------------------------------------------------------------------
Right user empty pass                                                 | PASS |
------------------------------------------------------------------------------
Wrong user wrong pass                                                 | PASS |
------------------------------------------------------------------------------
Suites.Nopcommerce                                                    | PASS |
5 tests, 5 passed, 0 failed
==============================================================================
Suites                                                                | PASS |
5 tests, 5 passed, 0 failed
==============================================================================
Output:  C:\Users\Windows\PycharmProjects\pythonProject\Frameworks in RobotFramework\Result\pabot_results\3\output.xml
